Performing C SOURCE FILE Test CMAKE_HAVE_LIBC_PTHREAD failed with the following output:
Change Dir: /home/myz/catkin_ws_lvi2.0/src/LVI-SAM-Easyused2.0/build/CMakeFiles/CMakeTmp

Run Build Command(s):/usr/bin/make -f Makefile cmTC_e5d24/fast && /usr/bin/make  -f CMakeFiles/cmTC_e5d24.dir/build.make CMakeFiles/cmTC_e5d24.dir/build
make[1]: 进入目录“/home/myz/catkin_ws_lvi2.0/src/LVI-SAM-Easyused2.0/build/CMakeFiles/CMakeTmp”
Building C object CMakeFiles/cmTC_e5d24.dir/src.c.o
/usr/bin/gcc -DCMAKE_HAVE_LIBC_PTHREAD   -o CMakeFiles/cmTC_e5d24.dir/src.c.o -c /home/myz/catkin_ws_lvi2.0/src/LVI-SAM-Easyused2.0/build/CMakeFiles/CMakeTmp/src.c
Linking C executable cmTC_e5d24
/usr/local/bin/cmake -E cmake_link_script CMakeFiles/cmTC_e5d24.dir/link.txt --verbose=1
/usr/bin/gcc -rdynamic CMakeFiles/cmTC_e5d24.dir/src.c.o -o cmTC_e5d24 
/usr/bin/ld: CMakeFiles/cmTC_e5d24.dir/src.c.o: in function `main':
src.c:(.text+0x46): undefined reference to `pthread_create'
/usr/bin/ld: src.c:(.text+0x52): undefined reference to `pthread_detach'
/usr/bin/ld: src.c:(.text+0x5e): undefined reference to `pthread_cancel'
/usr/bin/ld: src.c:(.text+0x6f): undefined reference to `pthread_join'
collect2: error: ld returned 1 exit status
make[1]: *** [CMakeFiles/cmTC_e5d24.dir/build.make:99：cmTC_e5d24] 错误 1
make[1]: 离开目录“/home/myz/catkin_ws_lvi2.0/src/LVI-SAM-Easyused2.0/build/CMakeFiles/CMakeTmp”
make: *** [Makefile:127：cmTC_e5d24/fast] 错误 2


Source file was:
#include <pthread.h>

static void* test_func(void* data)
{
  return data;
}

int main(void)
{
  pthread_t thread;
  pthread_create(&thread, NULL, test_func, NULL);
  pthread_detach(thread);
  pthread_cancel(thread);
  pthread_join(thread, NULL);
  pthread_atfork(NULL, NULL, NULL);
  pthread_exit(NULL);

  return 0;
}

Determining if the function pthread_create exists in the pthreads failed with the following output:
Change Dir: /home/myz/catkin_ws_lvi2.0/src/LVI-SAM-Easyused2.0/build/CMakeFiles/CMakeTmp

Run Build Command(s):/usr/bin/make -f Makefile cmTC_609b2/fast && /usr/bin/make  -f CMakeFiles/cmTC_609b2.dir/build.make CMakeFiles/cmTC_609b2.dir/build
make[1]: 进入目录“/home/myz/catkin_ws_lvi2.0/src/LVI-SAM-Easyused2.0/build/CMakeFiles/CMakeTmp”
Building C object CMakeFiles/cmTC_609b2.dir/CheckFunctionExists.c.o
/usr/bin/gcc   -DCHECK_FUNCTION_EXISTS=pthread_create -o CMakeFiles/cmTC_609b2.dir/CheckFunctionExists.c.o -c /usr/local/share/cmake-3.22/Modules/CheckFunctionExists.c
Linking C executable cmTC_609b2
/usr/local/bin/cmake -E cmake_link_script CMakeFiles/cmTC_609b2.dir/link.txt --verbose=1
/usr/bin/gcc  -DCHECK_FUNCTION_EXISTS=pthread_create -rdynamic CMakeFiles/cmTC_609b2.dir/CheckFunctionExists.c.o -o cmTC_609b2  -lpthreads 
/usr/bin/ld: 找不到 -lpthreads
collect2: error: ld returned 1 exit status
make[1]: *** [CMakeFiles/cmTC_609b2.dir/build.make:99：cmTC_609b2] 错误 1
make[1]: 离开目录“/home/myz/catkin_ws_lvi2.0/src/LVI-SAM-Easyused2.0/build/CMakeFiles/CMakeTmp”
make: *** [Makefile:127：cmTC_609b2/fast] 错误 2



Determining if the function sgemm_ exists failed with the following output:
Change Dir: /home/myz/catkin_ws_lvi2.0/src/LVI-SAM-Easyused2.0/build/CMakeFiles/CMakeTmp

Run Build Command(s):/usr/bin/make -f Makefile cmTC_39c12/fast && /usr/bin/make  -f CMakeFiles/cmTC_39c12.dir/build.make CMakeFiles/cmTC_39c12.dir/build
make[1]: 进入目录“/home/myz/catkin_ws_lvi2.0/src/LVI-SAM-Easyused2.0/build/CMakeFiles/CMakeTmp”
Building C object CMakeFiles/cmTC_39c12.dir/CheckFunctionExists.c.o
/usr/bin/gcc   -DCHECK_FUNCTION_EXISTS=sgemm_ -o CMakeFiles/cmTC_39c12.dir/CheckFunctionExists.c.o -c /usr/local/share/cmake-3.22/Modules/CheckFunctionExists.c
Linking C executable cmTC_39c12
/usr/local/bin/cmake -E cmake_link_script CMakeFiles/cmTC_39c12.dir/link.txt --verbose=1
/usr/bin/gcc   -DCHECK_FUNCTION_EXISTS=sgemm_ -rdynamic CMakeFiles/cmTC_39c12.dir/CheckFunctionExists.c.o -o cmTC_39c12 
/usr/bin/ld: CMakeFiles/cmTC_39c12.dir/CheckFunctionExists.c.o: in function `main':
CheckFunctionExists.c:(.text+0x14): undefined reference to `sgemm_'
collect2: error: ld returned 1 exit status
make[1]: *** [CMakeFiles/cmTC_39c12.dir/build.make:99：cmTC_39c12] 错误 1
make[1]: 离开目录“/home/myz/catkin_ws_lvi2.0/src/LVI-SAM-Easyused2.0/build/CMakeFiles/CMakeTmp”
make: *** [Makefile:127：cmTC_39c12/fast] 错误 2



